<?xml version="1.0" encoding="UTF-8"?>
<testsuites>
  <testsuite name="ProductTest" file="F:\testprojects\modestreet\application\tests\controllers\ProductTest.php" tests="1" assertions="1" failures="1" errors="0" time="0.130061">
    <testcase name="test_get_product_by_invalid_id" class="ProductTest" file="F:\testprojects\modestreet\application\tests\controllers\ProductTest.php" line="5" assertions="1" time="0.130061">
      <failure type="PHPUnit_Framework_ExpectationFailedException">ProductTest::test_get_product_by_invalid_id
Failed asserting that '
An uncaught Exception was encountered

Type:        RuntimeException
Message:     Undefined property: Product::$product_model on line 77 in file F:\testprojects\modestreet\application\modules\product\controllers\Product.php
Filename:    F:\testprojects\modestreet\application\tests\_ci_phpunit_test\CIPHPUnitTestCase.php
Line Number: 169

Backtrace:
	File: F:\testprojects\modestreet\application\modules\product\controllers\Product.php
	Line: 77
	Function: {closure}

	File: F:\testprojects\modestreet\application\core\MY_Controller.php
	Line: 793
	Function: fetch_get

	File: F:\testprojects\modestreet\application\tests\_ci_phpunit_test\CIPHPUnitTestRequest.php
	Line: 368
	Function: _remap

	File: F:\testprojects\modestreet\application\tests\_ci_phpunit_test\CIPHPUnitTestRequest.php
	Line: 297
	Function: createAndCallController

	File: F:\testprojects\modestreet\application\tests\_ci_phpunit_test\CIPHPUnitTestRequest.php
	Line: 160
	Function: requestUri

	File: F:\testprojects\modestreet\application\tests\_ci_phpunit_test\CIPHPUnitTestCase.php
	Line: 144
	Function: request

	File: F:\testprojects\modestreet\application\tests\controllers\ProductTest.php
	Line: 7
	Function: request

	File: F:\xampp\php\pear\PHPUnit\Framework\TestCase.php
	Line: 975
	Function: invokeArgs

	File: F:\xampp\php\pear\PHPUnit\Framework\TestCase.php
	Line: 831
	Function: runTest

	File: F:\xampp\php\pear\PHPUnit\Framework\TestResult.php
	Line: 648
	Function: runBare

	File: F:\xampp\php\pear\PHPUnit\Framework\TestCase.php
	Line: 776
	Function: run

	File: F:\xampp\php\pear\PHPUnit\Framework\TestSuite.php
	Line: 775
	Function: run

	File: F:\xampp\php\pear\PHPUnit\Framework\TestSuite.php
	Line: 745
	Function: runTest

	File: F:\xampp\php\pear\PHPUnit\TextUI\TestRunner.php
	Line: 348
	Function: run

	File: F:\xampp\php\pear\PHPUnit\TextUI\Command.php
	Line: 176
	Function: doRun

	File: F:\xampp\php\pear\PHPUnit\TextUI\Command.php
	Line: 129
	Function: run

	File: F:\xampp\php\phpunit
	Line: 46
	Function: main


' contains "{"status":false,"message":"No products were found!","product":{}}".

F:\testprojects\modestreet\application\tests\controllers\ProductTest.php:9
</failure>
    </testcase>
  </testsuite>
</testsuites>
